lens-plumemo/flutter-client/build/app/outputs/mapping/release/mapping.txt
# compiler: R8
# compiler_version: 1.5.64
# min_api: 16
# pg_map_id: 169791f
...
androidx.core.app.ActivityCompat$OnRequestPermissionsResultCallback -> androidx.core.app.a$b:
androidx.core.app.ActivityCompat$PermissionCompatDelegate -> androidx.core.app.a$c:
    boolean onActivityResult(android.app.Activity,int,int,android.content.Intent) -> a
    boolean requestPermissions(android.app.Activity,java.lang.String[],int) -> a
androidx.core.app.ActivityCompat$RequestPermissionsRequestCodeValidator -> androidx.core.app.a$d:
androidx.core.app.ActivityCompat$SharedElementCallback21Impl -> androidx.core.app.a$e:
    androidx.core.app.SharedElementCallback mCallback -> a
androidx.core.app.ActivityCompat$SharedElementCallback21Impl$1 -> androidx.core.app.a$e$a:
androidx.core.app.ComponentActivity -> androidx.core.app.b:
androidx.core.app.ComponentActivity$ExtraData -> androidx.core.app.b$a:
androidx.core.app.CoreComponentFactory -> androidx.core.app.CoreComponentFactory:
    java.lang.Object checkCompatWrapper(java.lang.Object) -> a
androidx.core.app.CoreComponentFactory$CompatWrapped -> androidx.core.app.CoreComponentFactory$a:
    java.lang.Object getWrapper() -> a
androidx.core.app.RemoteActionCompat -> androidx.core.app.RemoteActionCompat:
    androidx.core.graphics.drawable.IconCompat mIcon -> a
    java.lang.CharSequence mTitle -> b
    java.lang.CharSequence mContentDescription -> c
    boolean mEnabled -> e
    boolean mShouldShowIcon -> f
    android.app.PendingIntent mActionIntent -> d
androidx.core.app.SharedElementCallback -> androidx.core.app.c:
    android.os.Parcelable onCaptureSharedElementSnapshot(android.view.View,android.graphics.Matrix,android.graphics.RectF) -> a
    android.view.View onCreateSnapshotView(android.content.Context,android.os.Parcelable) -> a
    void onMapSharedElements(java.util.List,java.util.Map) -> a
    void onRejectSharedElements(java.util.List) -> a
    void onSharedElementEnd(java.util.List,java.util.List,java.util.List) -> a
    void onSharedElementsArrived(java.util.List,java.util.List,androidx.core.app.SharedElementCallback$OnSharedElementsReadyListener) -> a
    void onSharedElementStart(java.util.List,java.util.List,java.util.List) -> b
androidx.core.app.SharedElementCallback$OnSharedElementsReadyListener -> androidx.core.app.c$a:
androidx.core.content.ContextCompat -> a.c.b.a:
androidx.core.graphics.drawable.IconCompat -> androidx.core.graphics.drawable.IconCompat:
    android.graphics.PorterDuff$Mode DEFAULT_TINT_MODE -> j
    java.lang.String mTintModeStr -> i
    android.graphics.PorterDuff$Mode mTintMode -> h
    android.os.Parcelable mParcelable -> d
    java.lang.Object mObj1 -> b
    int mInt2 -> f
    android.content.res.ColorStateList mTintList -> g
    int mInt1 -> e
    byte[] mData -> c
    int mType -> a
    int getResId() -> a
    int getResId(android.graphics.drawable.Icon) -> a
    void onPreParceling(boolean) -> a
    java.lang.String typeToString(int) -> a
    java.lang.String getResPackage() -> b
    java.lang.String getResPackage(android.graphics.drawable.Icon) -> b
    void onPostParceling() -> c
androidx.core.util.DebugUtils -> a.c.c.a:
    void buildShortClassTag(java.lang.Object,java.lang.StringBuilder) -> a
androidx.core.util.LogWriter -> a.c.c.b:
    java.lang.StringBuilder mBuilder -> b
    java.lang.String mTag -> a
    void flushBuilder() -> a
androidx.core.util.Preconditions -> a.c.c.c:
    java.lang.Object checkNotNull(java.lang.Object,java.lang.Object) -> a